2023-08-10 20:54:17 - INFO - Cloning files from origin to target
2023-08-10 20:54:17 - INFO - Copied 1.jpg to target
2023-08-10 20:54:47 - INFO - Cloning files from origin to target
2023-08-10 20:54:47 - INFO - Copied 1.jpg to target
2023-08-10 21:34:37 - INFO - Cloning files from origin to target
2023-08-10 21:34:37 - INFO - Copied 1.jpg to target
2023-08-10 21:34:37 - INFO - Copied 20230325_171855.jpg to target
2023-08-10 21:34:37 - INFO - Copied Riot cover letter.pdf to target
2023-08-10 21:34:37 - INFO - Copied Samuel L Finnegan.pdf to target
2023-08-10 21:34:37 - INFO - Copied warning.png to target
2023-08-10 21:34:46 - INFO - Cloning files from origin to target
2023-08-10 21:34:46 - INFO - Copied 1.jpg to target
2023-08-10 21:34:46 - INFO - Copied 20230325_171855.jpg to target
2023-08-10 21:34:46 - INFO - Copied Riot cover letter.pdf to target
2023-08-10 21:34:46 - INFO - Copied Samuel L Finnegan.pdf to target
2023-08-10 21:34:46 - INFO - Copied warning.png to target
2023-08-10 21:34:48 - INFO - Cloning files from origin to target
2023-08-10 21:34:48 - INFO - Copied 1.jpg to target
2023-08-10 21:34:48 - INFO - Copied 20230325_171855.jpg to target
2023-08-10 21:34:48 - INFO - Copied Riot cover letter.pdf to target
2023-08-10 21:34:48 - INFO - Copied Samuel L Finnegan.pdf to target
2023-08-10 21:34:48 - INFO - Copied warning.png to target
2023-08-10 21:35:27 - INFO - Cloning files from origin to target
2023-08-10 21:35:27 - INFO - Copied 1.jpg to target
2023-08-10 21:35:27 - INFO - Copied 20230325_171855.jpg to target
2023-08-10 21:35:27 - INFO - Copied Samuel L Finnegan.pdf to target
2023-08-11 06:28:08 - INFO - Cloning files from origin to target
2023-08-11 06:28:08 - INFO - Copied 1.jpg to target
2023-08-11 06:28:08 - INFO - Copied 20230325_171855.jpg to target
2023-08-11 06:28:08 - INFO - Copied Samuel L Finnegan.pdf to target
2023-08-12 16:36:13 - INFO - Cloning files from C:\Users\samue\AppData\Local\Temp\tmp0f5e3ybg to C:\Users\samue\AppData\Local\Temp\tmpa_yi811e
2023-08-12 16:36:13 - INFO - Copied file1.txt to C:\Users\samue\AppData\Local\Temp\tmpa_yi811e
2023-08-12 16:39:33 - INFO - Cloning files from C:\Users\samue\AppData\Local\Temp\tmpwx6v3xgm to C:\Users\samue\AppData\Local\Temp\tmpzirt58pv
2023-08-12 16:39:33 - INFO - Copied file1.txt to C:\Users\samue\AppData\Local\Temp\tmpzirt58pv
2023-08-12 16:41:26 - INFO - Cloning files from C:\Users\samue\AppData\Local\Temp\tmpjce7th5j to C:\Users\samue\AppData\Local\Temp\tmpnpqi4wsb
2023-08-12 16:41:26 - INFO - Copied file1.txt to C:\Users\samue\AppData\Local\Temp\tmpnpqi4wsb
2023-08-12 16:43:55 - INFO - Cloning files from C:\Users\samue\AppData\Local\Temp\tmp1ltrpjwn to C:\Users\samue\AppData\Local\Temp\tmprqlcww98
2023-08-12 16:43:55 - INFO - Copied file1.txt to C:\Users\samue\AppData\Local\Temp\tmprqlcww98
2023-08-12 16:45:03 - INFO - Cloning files from C:\Users\samue\AppData\Local\Temp\tmpnkucsyk2 to C:\Users\samue\AppData\Local\Temp\tmpi3jm_y07
2023-08-12 16:45:03 - INFO - Copied file1.txt to C:\Users\samue\AppData\Local\Temp\tmpi3jm_y07
2023-08-12 16:46:07 - INFO - Cloning files from C:\Users\samue\AppData\Local\Temp\tmp_ky9rnny to C:\Users\samue\AppData\Local\Temp\tmpl7p3wr4_
2023-08-12 16:46:07 - INFO - Copied file1.txt to C:\Users\samue\AppData\Local\Temp\tmpl7p3wr4_
2023-08-12 16:48:11 - INFO - Cloning files from C:\Users\samue\AppData\Local\Temp\tmpd7ngt9qp to C:\Users\samue\AppData\Local\Temp\tmp58wrc9_l
2023-08-12 16:48:11 - INFO - Copied file1.txt to C:\Users\samue\AppData\Local\Temp\tmp58wrc9_l
2023-08-12 16:49:54 - INFO - Cloning files from C:\Users\samue\AppData\Local\Temp\tmpaiylyoz7 to C:\Users\samue\AppData\Local\Temp\tmp6vlqjx8c
2023-08-12 16:49:54 - INFO - Copied file1.txt to C:\Users\samue\AppData\Local\Temp\tmp6vlqjx8c
2023-08-12 16:53:03 - INFO - Cloning files from C:\Users\samue\AppData\Local\Temp\tmptp__eemv to C:\Users\samue\AppData\Local\Temp\tmp0ck5zjp1
2023-08-12 16:53:03 - INFO - Copied file1.txt to C:\Users\samue\AppData\Local\Temp\tmp0ck5zjp1
2023-08-12 18:03:31 - INFO - Cloning files from C:\Users\samue\AppData\Local\Temp\tmpz6ccvfub to C:\Users\samue\AppData\Local\Temp\tmpsfcca7bw
2023-08-12 18:03:31 - INFO - Copied file1.txt to C:\Users\samue\AppData\Local\Temp\tmpsfcca7bw
2023-08-12 18:06:17 - INFO - Cloning files from C:\Users\samue\AppData\Local\Temp\tmpi2uhs078 to C:\Users\samue\AppData\Local\Temp\tmpdq0zufzd
2023-08-12 18:06:17 - INFO - Copied file1.txt to C:\Users\samue\AppData\Local\Temp\tmpdq0zufzd
2023-08-12 18:09:11 - INFO - Cloning files from C:\Users\samue\AppData\Local\Temp\tmppba5j6to to C:\Users\samue\AppData\Local\Temp\tmpmkc_iwba
2023-08-12 18:09:11 - INFO - Copied file1.txt to C:\Users\samue\AppData\Local\Temp\tmpmkc_iwba
2023-08-12 18:11:11 - INFO - Cloning files from C:\Users\samue\AppData\Local\Temp\tmp3k4h698u to C:\Users\samue\AppData\Local\Temp\tmpzk22_dwj
2023-08-12 18:11:11 - INFO - Copied file1.txt to C:\Users\samue\AppData\Local\Temp\tmpzk22_dwj
2023-08-12 19:47:06 - INFO - Cloning files from C:/Users/samue/OneDrive/Ambiente de Trabalho/Projects/Odoo_dev to C:/Users/samue/OneDrive/Ambiente de Trabalho/Projects/Practice/python/Clone_Challange/target
2023-08-12 19:47:06 - INFO - Copied docker-compose.yml to C:/Users/samue/OneDrive/Ambiente de Trabalho/Projects/Practice/python/Clone_Challange/target
2023-08-12 19:47:06 - INFO - Copied my_copy.yml to C:/Users/samue/OneDrive/Ambiente de Trabalho/Projects/Practice/python/Clone_Challange/target
2023-08-12 19:47:06 - INFO - Copied odoo_db_pass.txt to C:/Users/samue/OneDrive/Ambiente de Trabalho/Projects/Practice/python/Clone_Challange/target
2023-08-12 19:47:06 - INFO - Copied set up odoo.txt to C:/Users/samue/OneDrive/Ambiente de Trabalho/Projects/Practice/python/Clone_Challange/target
